<?xml version="1.0" encoding="UTF-8"?>
<testng-results skipped="0" failed="0" total="1" passed="1">
  <reporter-output>
  </reporter-output>
  <suite name="Suite" duration-ms="14781" started-at="2020-01-07T04:09:11Z" finished-at="2020-01-07T04:09:26Z">
    <groups>
    </groups>
    <test name="Test" duration-ms="14781" started-at="2020-01-07T04:09:11Z" finished-at="2020-01-07T04:09:26Z">
      <class name="com.mavenproject.com.firstproject.Parametercheck">
        <test-method status="PASS" signature="launch()[pri:0, instance:com.mavenproject.com.firstproject.Parametercheck@75bd9247]" name="launch" is-config="true" duration-ms="10397" started-at="2020-01-07T09:39:11Z" finished-at="2020-01-07T09:39:21Z">
          <reporter-output>
          </reporter-output>
        </test-method> <!-- launch -->
        <test-method status="PASS" signature="verifyLogin(java.lang.String, java.lang.String)[pri:0, instance:com.mavenproject.com.firstproject.Parametercheck@75bd9247]" name="verifyLogin" duration-ms="4369" started-at="2020-01-07T09:39:21Z" finished-at="2020-01-07T09:39:26Z">
          <params>
            <param index="0">
              <value>
                <![CDATA[Admin]]>
              </value>
            </param>
            <param index="1">
              <value>
                <![CDATA[admin123]]>
              </value>
            </param>
          </params>
          <reporter-output>
          </reporter-output>
        </test-method> <!-- verifyLogin -->
      </class> <!-- com.mavenproject.com.firstproject.Parametercheck -->
    </test> <!-- Test -->
  </suite> <!-- Suite -->
</testng-results>
